# JRE version: Java(TM) SE Runtime Environment (8.0_05-b13) (build 1.8.0_05-b13)
# Java VM: Java HotSpot(TM) 64-Bit Server VM (25.5-b02 mixed mode linux-amd64 compressed oops)
Heap:
 PSYoungGen      total 20992K, used 5694K [0x000000076cf00000, 0x000000076f200000, 0x00000007c0000000)
  eden space 17920K, 19% used [0x000000076cf00000,0x000000076d27fd08,0x000000076e080000)
  from space 3072K, 68% used [0x000000076e080000,0x000000076e28fe60,0x000000076e380000)
  to   space 3584K, 0% used [0x000000076ee80000,0x000000076ee80000,0x000000076f200000)
 ParOldGen       total 254464K, used 8766K [0x00000006c6c00000, 0x00000006d6480000, 0x000000076cf00000)
  object space 254464K, 3% used [0x00000006c6c00000,0x00000006c748f8d8,0x00000006d6480000)
 Metaspace       used 19648K, capacity 19812K, committed 20096K, reserved 1067008K
  class space    used 2619K, capacity 2687K, committed 2688K, reserved 1048576K
GC Heap History (10 events):
Event: 0.372 GC heap before
{Heap before GC invocations=9 (full 0):
 PSYoungGen      total 8704K, used 8109K [0x000000076cf00000, 0x000000076d900000, 0x00000007c0000000)
  eden space 7168K, 100% used [0x000000076cf00000,0x000000076d600000,0x000000076d600000)
  from space 1536K, 61% used [0x000000076d780000,0x000000076d86b498,0x000000076d900000)
  to   space 1536K, 0% used [0x000000076d600000,0x000000076d600000,0x000000076d780000)
 ParOldGen       total 254464K, used 1418K [0x00000006c6c00000, 0x00000006d6480000, 0x000000076cf00000)
  object space 254464K, 0% used [0x00000006c6c00000,0x00000006c6d628d0,0x00000006d6480000)
 Metaspace       used 8039K, capacity 8134K, committed 8192K, reserved 1056768K
  class space    used 970K, capacity 1017K, committed 1024K, reserved 1048576K
Event: 0.373 GC heap after
Heap after GC invocations=9 (full 0):
 PSYoungGen      total 8704K, used 1316K [0x000000076cf00000, 0x000000076dd80000, 0x00000007c0000000)
  eden space 7168K, 0% used [0x000000076cf00000,0x000000076cf00000,0x000000076d600000)
  from space 1536K, 85% used [0x000000076d600000,0x000000076d749278,0x000000076d780000)
  to   space 1536K, 0% used [0x000000076dc00000,0x000000076dc00000,0x000000076dd80000)
 ParOldGen       total 254464K, used 1626K [0x00000006c6c00000, 0x00000006d6480000, 0x000000076cf00000)
  object space 254464K, 0% used [0x00000006c6c00000,0x00000006c6d968d0,0x00000006d6480000)
 Metaspace       used 8039K, capacity 8134K, committed 8192K, reserved 1056768K
  class space    used 970K, capacity 1017K, committed 1024K, reserved 1048576K
}
Event: 0.544 GC heap before
{Heap before GC invocations=10 (full 0):
 PSYoungGen      total 8704K, used 8484K [0x000000076cf00000, 0x000000076dd80000, 0x00000007c0000000)
  eden space 7168K, 100% used [0x000000076cf00000,0x000000076d600000,0x000000076d600000)
  from space 1536K, 85% used [0x000000076d600000,0x000000076d749278,0x000000076d780000)
  to   space 1536K, 0% used [0x000000076dc00000,0x000000076dc00000,0x000000076dd80000)
 ParOldGen       total 254464K, used 1626K [0x00000006c6c00000, 0x00000006d6480000, 0x000000076cf00000)
  object space 254464K, 0% used [0x00000006c6c00000,0x00000006c6d968d0,0x00000006d6480000)
 Metaspace       used 9714K, capacity 9894K, committed 9984K, reserved 1058816K
  class space    used 1172K, capacity 1241K, committed 1280K, reserved 1048576K
Event: 0.546 GC heap after
Heap after GC invocations=10 (full 0):
 PSYoungGen      total 12800K, used 1521K [0x000000076cf00000, 0x000000076de80000, 0x00000007c0000000)
  eden space 11264K, 0% used [0x000000076cf00000,0x000000076cf00000,0x000000076da00000)
  from space 1536K, 99% used [0x000000076dc00000,0x000000076dd7c540,0x000000076dd80000)
  to   space 2048K, 0% used [0x000000076da00000,0x000000076da00000,0x000000076dc00000)
 ParOldGen       total 254464K, used 2228K [0x00000006c6c00000, 0x00000006d6480000, 0x000000076cf00000)
  object space 254464K, 0% used [0x00000006c6c00000,0x00000006c6e2d0b8,0x00000006d6480000)
 Metaspace       used 9714K, capacity 9894K, committed 9984K, reserved 1058816K
  class space    used 1172K, capacity 1241K, committed 1280K, reserved 1048576K
}
Event: 0.756 GC heap before
{Heap before GC invocations=11 (full 0):
 PSYoungGen      total 12800K, used 12785K [0x000000076cf00000, 0x000000076de80000, 0x00000007c0000000)
  eden space 11264K, 100% used [0x000000076cf00000,0x000000076da00000,0x000000076da00000)
  from space 1536K, 99% used [0x000000076dc00000,0x000000076dd7c540,0x000000076dd80000)
  to   space 2048K, 0% used [0x000000076da00000,0x000000076da00000,0x000000076dc00000)
 ParOldGen       total 254464K, used 2228K [0x00000006c6c00000, 0x00000006d6480000, 0x000000076cf00000)
  object space 254464K, 0% used [0x00000006c6c00000,0x00000006c6e2d0b8,0x00000006d6480000)
 Metaspace       used 14138K, capacity 14290K, committed 14464K, reserved 1062912K
  class space    used 1802K, capacity 1852K, committed 1920K, reserved 1048576K
Event: 0.759 GC heap after
Heap after GC invocations=11 (full 0):
 PSYoungGen      total 13312K, used 2014K [0x000000076cf00000, 0x000000076e600000, 0x00000007c0000000)
  eden space 11264K, 0% used [0x000000076cf00000,0x000000076cf00000,0x000000076da00000)
  from space 2048K, 98% used [0x000000076da00000,0x000000076dbf7b30,0x000000076dc00000)
  to   space 2560K, 0% used [0x000000076e380000,0x000000076e380000,0x000000076e600000)
 ParOldGen       total 254464K, used 3253K [0x00000006c6c00000, 0x00000006d6480000, 0x000000076cf00000)
  object space 254464K, 1% used [0x00000006c6c00000,0x00000006c6f2d460,0x00000006d6480000)
 Metaspace       used 14138K, capacity 14290K, committed 14464K, reserved 1062912K
  class space    used 1802K, capacity 1852K, committed 1920K, reserved 1048576K
}
Event: 0.899 GC heap before
{Heap before GC invocations=12 (full 0):
 PSYoungGen      total 13312K, used 13278K [0x000000076cf00000, 0x000000076e600000, 0x00000007c0000000)
  eden space 11264K, 100% used [0x000000076cf00000,0x000000076da00000,0x000000076da00000)
  from space 2048K, 98% used [0x000000076da00000,0x000000076dbf7b30,0x000000076dc00000)
  to   space 2560K, 0% used [0x000000076e380000,0x000000076e380000,0x000000076e600000)
 ParOldGen       total 254464K, used 3259K [0x00000006c6c00000, 0x00000006d6480000, 0x000000076cf00000)
  object space 254464K, 1% used [0x00000006c6c00000,0x00000006c6f2ed58,0x00000006d6480000)
 Metaspace       used 17123K, capacity 17220K, committed 17408K, reserved 1064960K
  class space    used 2230K, capacity 2271K, committed 2304K, reserved 1048576K
Event: 0.905 GC heap after
Heap after GC invocations=12 (full 0):
 PSYoungGen      total 20480K, used 2557K [0x000000076cf00000, 0x000000076e700000, 0x00000007c0000000)
  eden space 17920K, 0% used [0x000000076cf00000,0x000000076cf00000,0x000000076e080000)
  from space 2560K, 99% used [0x000000076e380000,0x000000076e5ff770,0x000000076e600000)
  to   space 3072K, 0% used [0x000000076e080000,0x000000076e080000,0x000000076e380000)
 ParOldGen       total 254464K, used 4541K [0x00000006c6c00000, 0x00000006d6480000, 0x000000076cf00000)
  object space 254464K, 1% used [0x00000006c6c00000,0x00000006c706f7f0,0x00000006d6480000)
 Metaspace       used 17123K, capacity 17220K, committed 17408K, reserved 1064960K
  class space    used 2230K, capacity 2271K, committed 2304K, reserved 1048576K
}
Event: 1.051 GC heap before
{Heap before GC invocations=13 (full 0):
 PSYoungGen      total 20480K, used 20477K [0x000000076cf00000, 0x000000076e700000, 0x00000007c0000000)
  eden space 17920K, 100% used [0x000000076cf00000,0x000000076e080000,0x000000076e080000)
  from space 2560K, 99% used [0x000000076e380000,0x000000076e5ff770,0x000000076e600000)
  to   space 3072K, 0% used [0x000000076e080000,0x000000076e080000,0x000000076e380000)
 ParOldGen       total 254464K, used 4553K [0x00000006c6c00000, 0x00000006d6480000, 0x000000076cf00000)
  object space 254464K, 1% used [0x00000006c6c00000,0x00000006c7072688,0x00000006d6480000)
 Metaspace       used 19452K, capacity 19556K, committed 19840K, reserved 1067008K
  class space    used 2577K, capacity 2623K, committed 2688K, reserved 1048576K
Event: 1.054 GC heap after
Heap after GC invocations=13 (full 0):
 PSYoungGen      total 20992K, used 2111K [0x000000076cf00000, 0x000000076f200000, 0x00000007c0000000)
  eden space 17920K, 0% used [0x000000076cf00000,0x000000076cf00000,0x000000076e080000)
  from space 3072K, 68% used [0x000000076e080000,0x000000076e28fe60,0x000000076e380000)
  to   space 3584K, 0% used [0x000000076ee80000,0x000000076ee80000,0x000000076f200000)
 ParOldGen       total 254464K, used 8766K [0x00000006c6c00000, 0x00000006d6480000, 0x000000076cf00000)
  object space 254464K, 3% used [0x00000006c6c00000,0x00000006c748f8d8,0x00000006d6480000)
 Metaspace       used 19452K, capacity 19556K, committed 19840K, reserved 1067008K
  class space    used 2577K, capacity 2623K, committed 2688K, reserved 1048576K
}

